<?xml version="1.0" encoding="UTF-8"?>
<testsuite xmlns:xsi="http://www.w3.org/2001/XMLSchema-instance" xsi:noNamespaceSchemaLocation="https://maven.apache.org/surefire/maven-surefire-plugin/xsd/surefire-test-report.xsd" version="3.0.1" name="com.collier.personal_project.AppTest" time="0.235" tests="2" errors="1" skipped="0" failures="0">
  <properties>
[...]
</properties>
  <testcase name="getAllAuthors" classname="com.collier.personal_project.AppTest" time="0.221">
    <error message="Index 1 out of bounds for length 1" type="java.lang.ArrayIndexOutOfBoundsException"><![CDATA[java.lang.ArrayIndexOutOfBoundsException: Index 1 out of bounds for length 1
	at com.collier.personal_project.AppTest.getAllAuthors(AppTest.java:93)
	at java.base/java.lang.reflect.Method.invoke(Method.java:580)
	at java.base/java.util.ArrayList.forEach(ArrayList.java:1596)
	at java.base/java.util.ArrayList.forEach(ArrayList.java:1596)
]]></error>
    <system-out><![CDATA[Connection Created
Connection established successfully: progress_tracker



Printing all authors in db

result:   name--George Orwell, id--1
expected: name--George Orwell, id--1
result:   name--J.K. Rowling, id--2
]]></system-out>
  </testcase>
  <testcase name="connectToDB" classname="com.collier.personal_project.AppTest" time="0.002">
    <system-out><![CDATA[Connection established successfully: progress_tracker
]]></system-out>
  </testcase>
</testsuite>